<?xml version="1.0" encoding="UTF-8"?>
<!-- Generated by org.testng.reporters.JUnitReportReporter -->
<testsuite hostname="DESKTOP-G5RJBHA" failures="0" tests="1" name="com.hrms.testscripts.TC001" time="15.014" errors="0" timestamp="27 Jan 2021 02:27:55 GMT">
  <testcase classname="com.hrms.testscripts.TC001" name="tc001" time="15.014"/>
</testsuite> <!-- com.hrms.testscripts.TC001 -->
